<?xml version="1.0" encoding="UTF-8"?>
<!-- Generated by org.testng.reporters.JUnitReportReporter -->
<testsuite hostname="RAMYA" failures="0" tests="1" name="driverFactory.AppTest" time="102.356" errors="0" timestamp="2024-02-12T11:42:38 IST" skipped="0">
  <testcase classname="driverFactory.AppTest" name="startTest" time="102.356">
    <system-out>
      <![CDATA[No of rows are::8
Customer Number Matching::Customer-00000001572       Customer-00000001572
Customer Number Matching::Customer-00000001573       Customer-00000001573
Customer Number Matching::Customer-00000001574       Customer-00000001574
Customer Number Matching::Customer-00000001575       Customer-00000001575
Customer Number Matching::Customer-00000001576       Customer-00000001576
Customer Number Matching::Customer-00000001577       Customer-00000001577
Customer Number Matching::Customer-00000001578       Customer-00000001578
Customer Number Matching::Customer-00000001579       Customer-00000001579]]>
    </system-out>
  </testcase> <!-- startTest -->
  <system-out>
    <![CDATA[No of rows are::8
Customer Number Matching::Customer-00000001572       Customer-00000001572
Customer Number Matching::Customer-00000001573       Customer-00000001573
Customer Number Matching::Customer-00000001574       Customer-00000001574
Customer Number Matching::Customer-00000001575       Customer-00000001575
Customer Number Matching::Customer-00000001576       Customer-00000001576
Customer Number Matching::Customer-00000001577       Customer-00000001577
Customer Number Matching::Customer-00000001578       Customer-00000001578
Customer Number Matching::Customer-00000001579       Customer-00000001579]]>
  </system-out>
</testsuite> <!-- driverFactory.AppTest -->
